<?xml version="1.0" encoding="UTF-8"?>
<!-- Generated by org.testng.reporters.JUnitReportReporter -->
<testsuite hostname="28b494175185" failures="0" tests="20" name="com.diwakar15.selenium_docker.tests.flightreservation.FlightReservationTest" time="126.196" errors="0" timestamp="2024-09-23T12:49:15 GMT" skipped="0">
  <testcase classname="com.diwakar15.selenium_docker.tests.flightreservation.FlightReservationTest" name="userRegistrationTest" time="23.072"/>
  <testcase classname="com.diwakar15.selenium_docker.tests.flightreservation.FlightReservationTest" name="registrationConfirmationTest" time="2.488"/>
  <testcase classname="com.diwakar15.selenium_docker.tests.flightreservation.FlightReservationTest" name="flightReservationConfirmationTest" time="1.017"/>
  <testcase classname="com.diwakar15.selenium_docker.tests.flightreservation.FlightReservationTest" name="userRegistrationTest" time="22.950"/>
  <testcase classname="com.diwakar15.selenium_docker.tests.flightreservation.FlightReservationTest" name="flightSearchTest" time="3.240"/>
  <testcase classname="com.diwakar15.selenium_docker.tests.flightreservation.FlightReservationTest" name="flightSelectionTest" time="3.317"/>
  <testcase classname="com.diwakar15.selenium_docker.tests.flightreservation.FlightReservationTest" name="flightSearchTest" time="2.015"/>
  <testcase classname="com.diwakar15.selenium_docker.tests.flightreservation.FlightReservationTest" name="flightReservationConfirmationTest" time="0.916"/>
  <testcase classname="com.diwakar15.selenium_docker.tests.flightreservation.FlightReservationTest" name="userRegistrationTest" time="23.140"/>
  <testcase classname="com.diwakar15.selenium_docker.tests.flightreservation.FlightReservationTest" name="flightSelectionTest" time="3.207"/>
  <testcase classname="com.diwakar15.selenium_docker.tests.flightreservation.FlightReservationTest" name="flightSearchTest" time="2.370"/>
  <testcase classname="com.diwakar15.selenium_docker.tests.flightreservation.FlightReservationTest" name="registrationConfirmationTest" time="2.439"/>
  <testcase classname="com.diwakar15.selenium_docker.tests.flightreservation.FlightReservationTest" name="registrationConfirmationTest" time="1.792"/>
  <testcase classname="com.diwakar15.selenium_docker.tests.flightreservation.FlightReservationTest" name="flightSelectionTest" time="2.597"/>
  <testcase classname="com.diwakar15.selenium_docker.tests.flightreservation.FlightReservationTest" name="flightSelectionTest" time="1.318"/>
  <testcase classname="com.diwakar15.selenium_docker.tests.flightreservation.FlightReservationTest" name="flightSearchTest" time="2.978"/>
  <testcase classname="com.diwakar15.selenium_docker.tests.flightreservation.FlightReservationTest" name="flightReservationConfirmationTest" time="2.034"/>
  <testcase classname="com.diwakar15.selenium_docker.tests.flightreservation.FlightReservationTest" name="flightReservationConfirmationTest" time="0.260"/>
  <testcase classname="com.diwakar15.selenium_docker.tests.flightreservation.FlightReservationTest" name="registrationConfirmationTest" time="1.816"/>
  <testcase classname="com.diwakar15.selenium_docker.tests.flightreservation.FlightReservationTest" name="userRegistrationTest" time="23.230"/>
</testsuite> <!-- com.diwakar15.selenium_docker.tests.flightreservation.FlightReservationTest -->
