<?xml version="1.0" encoding="UTF-8"?>
<!-- Generated by org.testng.reporters.JUnitReportReporter -->
<testsuite hostname="Alisha-PC" failures="0" tests="9" name="com.diwakar15.selenium_docker.tests.vendorportal.VendorPortalTest" time="27.280" errors="0" timestamp="2024-08-26T12:18:40 AEST" skipped="0">
  <testcase classname="com.diwakar15.selenium_docker.tests.vendorportal.VendorPortalTest" name="dashboardPage" time="2.619"/>
  <testcase classname="com.diwakar15.selenium_docker.tests.vendorportal.VendorPortalTest" name="loginTest" time="2.890"/>
  <testcase classname="com.diwakar15.selenium_docker.tests.vendorportal.VendorPortalTest" name="loginTest" time="2.850"/>
  <testcase classname="com.diwakar15.selenium_docker.tests.vendorportal.VendorPortalTest" name="dashboardPage" time="5.551"/>
  <testcase classname="com.diwakar15.selenium_docker.tests.vendorportal.VendorPortalTest" name="dashboardPage" time="4.163"/>
  <testcase classname="com.diwakar15.selenium_docker.tests.vendorportal.VendorPortalTest" name="logoutPage" time="1.628"/>
  <testcase classname="com.diwakar15.selenium_docker.tests.vendorportal.VendorPortalTest" name="logoutPage" time="2.285"/>
  <testcase classname="com.diwakar15.selenium_docker.tests.vendorportal.VendorPortalTest" name="logoutPage" time="2.432"/>
  <testcase classname="com.diwakar15.selenium_docker.tests.vendorportal.VendorPortalTest" name="loginTest" time="2.862"/>
</testsuite> <!-- com.diwakar15.selenium_docker.tests.vendorportal.VendorPortalTest -->
